[2021-09-20 14:49:27] [DEBUG] [PacienteController:43] Iniciando el método 'crearNuevo (paciente)'
[2021-09-20 14:49:31] [DEBUG] [PacienteController:50] Iniciando el método 'actualizar(odontologo)'
[2021-09-23 19:57:50] [DEBUG] [OdontologoController:25] Iniciando el método 'buscarPorId
[2021-09-23 19:57:50] [DEBUG] [OdontologoController:30] No se encontró el odontologo, ResourceNotFoundException
[2021-09-23 19:57:50] [INFO ] [GlobalExceptionHandler:17] No se encontro el odontologo
[2021-09-23 21:51:55] [DEBUG] [OdontologoController:40] Iniciando el método 'crearNuevo (odontologo)'
[2021-09-23 21:52:01] [DEBUG] [PacienteController:46] Iniciando el método 'crearNuevo (paciente)'
[2021-09-23 21:52:37] [DEBUG] [PacienteController:26] Iniciando el método 'crearNuevo (turno)'
[2021-09-23 22:35:36] [DEBUG] [PacienteController:46] Iniciando el método 'crearNuevo (paciente)'
[2021-09-23 22:35:42] [DEBUG] [OdontologoController:40] Iniciando el método 'crearNuevo (odontologo)'
[2021-09-23 22:36:02] [DEBUG] [PacienteController:26] Iniciando el método 'crearNuevo (turno)'
[2021-09-23 22:36:07] [DEBUG] [PacienteController:26] Iniciando el método 'crearNuevo (turno)'
[2021-09-23 22:37:05] [DEBUG] [PacienteController:26] Iniciando el método 'crearNuevo (turno)'
[2021-09-23 22:40:14] [DEBUG] [OdontologoController:40] Iniciando el método 'crearNuevo (odontologo)'
[2021-09-23 22:40:21] [DEBUG] [PacienteController:46] Iniciando el método 'crearNuevo (paciente)'
[2021-09-23 22:40:25] [DEBUG] [PacienteController:26] Iniciando el método 'crearNuevo (turno)'
[2021-09-23 22:40:27] [DEBUG] [PacienteController:26] Iniciando el método 'crearNuevo (turno)'
[2021-09-23 22:41:36] [DEBUG] [OdontologoController:40] Iniciando el método 'crearNuevo (odontologo)'
[2021-09-23 22:41:40] [DEBUG] [PacienteController:46] Iniciando el método 'crearNuevo (paciente)'
[2021-09-23 22:41:46] [DEBUG] [PacienteController:26] Iniciando el método 'crearNuevo (turno)'
[2021-09-23 22:41:47] [DEBUG] [PacienteController:26] Iniciando el método 'crearNuevo (turno)'
[2021-09-23 22:45:49] [DEBUG] [OdontologoController:40] Iniciando el método 'crearNuevo (odontologo)'
[2021-09-23 22:45:53] [DEBUG] [PacienteController:46] Iniciando el método 'crearNuevo (paciente)'
[2021-09-23 22:45:57] [DEBUG] [PacienteController:26] Iniciando el método 'crearNuevo (turno)'
[2021-09-23 22:45:59] [DEBUG] [PacienteController:26] Iniciando el método 'crearNuevo (turno)'
[2021-09-23 22:47:10] [DEBUG] [OdontologoController:40] Iniciando el método 'crearNuevo (odontologo)'
[2021-09-23 22:47:13] [DEBUG] [PacienteController:46] Iniciando el método 'crearNuevo (paciente)'
[2021-09-23 22:47:34] [DEBUG] [PacienteController:26] Iniciando el método 'crearNuevo (turno)'
[2021-09-23 22:47:35] [DEBUG] [PacienteController:26] Iniciando el método 'crearNuevo (turno)'
[2021-09-23 22:50:16] [DEBUG] [OdontologoController:40] Iniciando el método 'crearNuevo (odontologo)'
[2021-09-23 22:50:19] [DEBUG] [PacienteController:46] Iniciando el método 'crearNuevo (paciente)'
[2021-09-23 22:50:24] [DEBUG] [PacienteController:26] Iniciando el método 'crearNuevo (turno)'
[2021-09-23 22:50:26] [DEBUG] [PacienteController:26] Iniciando el método 'crearNuevo (turno)'
[2021-09-23 22:50:27] [DEBUG] [PacienteController:26] Iniciando el método 'crearNuevo (turno)'
[2021-09-23 22:50:28] [DEBUG] [PacienteController:26] Iniciando el método 'crearNuevo (turno)'
[2021-09-23 22:51:51] [DEBUG] [OdontologoController:40] Iniciando el método 'crearNuevo (odontologo)'
[2021-09-23 22:51:54] [DEBUG] [PacienteController:46] Iniciando el método 'crearNuevo (paciente)'
[2021-09-23 22:51:57] [DEBUG] [PacienteController:26] Iniciando el método 'crearNuevo (turno)'
[2021-09-23 22:51:58] [DEBUG] [PacienteController:26] Iniciando el método 'crearNuevo (turno)'
[2021-09-23 22:55:07] [DEBUG] [OdontologoController:40] Iniciando el método 'crearNuevo (odontologo)'
[2021-09-23 22:55:12] [DEBUG] [PacienteController:46] Iniciando el método 'crearNuevo (paciente)'
[2021-09-23 22:55:17] [DEBUG] [PacienteController:26] Iniciando el método 'crearNuevo (turno)'
[2021-09-23 22:55:18] [DEBUG] [PacienteController:26] Iniciando el método 'crearNuevo (turno)'
[2021-09-23 22:55:30] [DEBUG] [PacienteController:26] Iniciando el método 'crearNuevo (turno)'
[2021-09-23 22:57:52] [DEBUG] [OdontologoController:40] Iniciando el método 'crearNuevo (odontologo)'
[2021-09-23 22:57:57] [DEBUG] [PacienteController:46] Iniciando el método 'crearNuevo (paciente)'
[2021-09-23 22:58:06] [DEBUG] [PacienteController:26] Iniciando el método 'crearNuevo (turno)'
[2021-09-23 22:58:08] [DEBUG] [PacienteController:26] Iniciando el método 'crearNuevo (turno)'
[2021-09-23 22:59:50] [DEBUG] [OdontologoController:40] Iniciando el método 'crearNuevo (odontologo)'
[2021-09-23 23:00:03] [DEBUG] [PacienteController:46] Iniciando el método 'crearNuevo (paciente)'
[2021-09-23 23:00:11] [DEBUG] [PacienteController:26] Iniciando el método 'crearNuevo (turno)'
[2021-09-23 23:00:12] [DEBUG] [PacienteController:26] Iniciando el método 'crearNuevo (turno)'
[2021-09-23 23:04:41] [DEBUG] [PacienteController:26] Iniciando el método 'crearNuevo (turno)'
[2021-09-23 23:08:50] [DEBUG] [OdontologoController:40] Iniciando el método 'crearNuevo (odontologo)'
[2021-09-23 23:08:52] [DEBUG] [PacienteController:46] Iniciando el método 'crearNuevo (paciente)'
[2021-09-23 23:08:56] [DEBUG] [PacienteController:26] Iniciando el método 'crearNuevo (turno)'
[2021-09-23 23:08:57] [DEBUG] [PacienteController:26] Iniciando el método 'crearNuevo (turno)'
[2021-09-23 23:19:33] [DEBUG] [OdontologoController:40] Iniciando el método 'crearNuevo (odontologo)'
[2021-09-23 23:19:42] [DEBUG] [PacienteController:46] Iniciando el método 'crearNuevo (paciente)'
[2021-09-23 23:19:47] [DEBUG] [PacienteController:26] Iniciando el método 'crearNuevo (turno)'
[2021-09-23 23:19:48] [DEBUG] [PacienteController:26] Iniciando el método 'crearNuevo (turno)'
[2021-09-23 23:20:48] [DEBUG] [OdontologoController:40] Iniciando el método 'crearNuevo (odontologo)'
[2021-09-23 23:20:51] [DEBUG] [PacienteController:46] Iniciando el método 'crearNuevo (paciente)'
[2021-09-23 23:20:54] [DEBUG] [PacienteController:26] Iniciando el método 'crearNuevo (turno)'
[2021-09-23 23:20:55] [DEBUG] [PacienteController:26] Iniciando el método 'crearNuevo (turno)'
[2021-09-23 23:21:00] [DEBUG] [PacienteController:26] Iniciando el método 'crearNuevo (turno)'
